13:25:46.487 [main] ERROR testCases.TC_002_LoginTest - ********Test Failed***************Exception THrown..Cannot invoke "org.openqa.selenium.SearchContext.findElement(org.openqa.selenium.By)" because "this.searchContext" is null
13:28:32.365 [main] DEBUG org.testng.TestNG - suiteXmlPath: "C:\SeleniumWS\SeleniumDay1\opencart\final.xml"
13:28:32.638 [main] INFO  org.testng.internal.Utils - [TestNG] Running:
  C:\SeleniumWS\SeleniumDay1\opencart\final.xml

13:28:42.526 [main] DEBUG testCases.TC_001_AccountRegistrationTest - Applictions log starts......
13:28:42.526 [main] INFO  testCases.TC_001_AccountRegistrationTest - ******* Starting TC_001_AccountRegistrationTest method **********
13:28:46.686 [main] INFO  testCases.TC_001_AccountRegistrationTest - Clicked MyAccount
13:28:47.612 [main] INFO  testCases.TC_001_AccountRegistrationTest - Clicked Register link
13:28:47.633 [main] INFO  testCases.TC_001_AccountRegistrationTest - ------------Entering customers details------------
13:28:51.194 [main] INFO  testCases.TC_001_AccountRegistrationTest - Clicked on Continue.......
13:28:51.248 [main] INFO  testCases.TC_001_AccountRegistrationTest - Validating Confirm message with expected 
13:28:51.251 [main] DEBUG testCases.TC_001_AccountRegistrationTest - Applictions log endss......
13:28:51.251 [main] INFO  testCases.TC_001_AccountRegistrationTest - *******Finished TC_001_AccountRegistrationTest method**********
13:28:54.639 [main] INFO  testCases.TC_002_LoginTest - ********* Test Login case started *********
13:28:54.719 [main] INFO  testCases.TC_002_LoginTest - My Account clicked
13:28:55.402 [main] INFO  testCases.TC_002_LoginTest - Login clicked
13:28:55.412 [main] INFO  testCases.TC_002_LoginTest - Entering login details...
13:28:56.270 [main] INFO  testCases.TC_002_LoginTest - Login button clicked..
13:28:56.284 [main] INFO  testCases.TC_002_LoginTest - Validating MyAccount Element ..
13:28:56.322 [main] INFO  testCases.TC_002_LoginTest - MyAccount Element is present..
13:28:56.322 [main] INFO  testCases.TC_002_LoginTest - ********* Test Login case Fininshedd *********
13:33:35.512 [main] DEBUG org.testng.TestNG - suiteXmlPath: "C:\SeleniumWS\SeleniumDay1\opencart\final.xml"
13:33:35.796 [main] INFO  org.testng.internal.Utils - [TestNG] Running:
  C:\SeleniumWS\SeleniumDay1\opencart\final.xml

13:33:39.496 [main] DEBUG testCases.TC_001_AccountRegistrationTest - Applictions log starts......
13:33:39.496 [main] INFO  testCases.TC_001_AccountRegistrationTest - ******* Starting TC_001_AccountRegistrationTest method **********
13:33:43.634 [main] INFO  testCases.TC_001_AccountRegistrationTest - Clicked MyAccount
13:33:44.240 [main] INFO  testCases.TC_001_AccountRegistrationTest - Clicked Register link
13:33:44.244 [main] INFO  testCases.TC_001_AccountRegistrationTest - ------------Entering customers details------------
13:33:47.602 [main] INFO  testCases.TC_001_AccountRegistrationTest - Clicked on Continue.......
13:33:47.642 [main] INFO  testCases.TC_001_AccountRegistrationTest - Validating Confirm message with expected 
13:33:47.645 [main] DEBUG testCases.TC_001_AccountRegistrationTest - Applictions log endss......
13:33:47.645 [main] INFO  testCases.TC_001_AccountRegistrationTest - *******Finished TC_001_AccountRegistrationTest method**********
13:33:50.378 [main] INFO  testCases.TC_002_LoginTest - ********* Test Login case started *********
13:33:50.456 [main] INFO  testCases.TC_002_LoginTest - My Account clicked
13:33:50.959 [main] INFO  testCases.TC_002_LoginTest - Login clicked
13:33:50.961 [main] INFO  testCases.TC_002_LoginTest - Entering login details...
13:33:51.724 [main] INFO  testCases.TC_002_LoginTest - Login button clicked..
13:33:51.727 [main] INFO  testCases.TC_002_LoginTest - Validating MyAccount Element ..
13:33:51.763 [main] INFO  testCases.TC_002_LoginTest - MyAccount Element is present..
13:33:51.764 [main] INFO  testCases.TC_002_LoginTest - ********* Test Login case Fininshedd *********
13:37:24.595 [main] DEBUG org.testng.TestNG - suiteXmlPath: "C:\SeleniumWS\SeleniumDay1\opencart\final.xml"
13:37:24.856 [main] INFO  org.testng.internal.Utils - [TestNG] Running:
  C:\SeleniumWS\SeleniumDay1\opencart\final.xml

13:37:28.214 [main] DEBUG testCases.TC_001_AccountRegistrationTest - Applictions log starts......
13:37:28.214 [main] INFO  testCases.TC_001_AccountRegistrationTest - ******* Starting TC_001_AccountRegistrationTest method **********
13:37:32.363 [main] INFO  testCases.TC_001_AccountRegistrationTest - Clicked MyAccount
13:37:32.977 [main] INFO  testCases.TC_001_AccountRegistrationTest - Clicked Register link
13:37:32.981 [main] INFO  testCases.TC_001_AccountRegistrationTest - ------------Entering customers details------------
13:37:36.302 [main] INFO  testCases.TC_001_AccountRegistrationTest - Clicked on Continue.......
13:37:36.351 [main] INFO  testCases.TC_001_AccountRegistrationTest - Validating Confirm message with expected 
13:37:36.355 [main] DEBUG testCases.TC_001_AccountRegistrationTest - Applictions log endss......
13:37:36.355 [main] INFO  testCases.TC_001_AccountRegistrationTest - *******Finished TC_001_AccountRegistrationTest method**********
13:37:39.134 [main] INFO  testCases.TC_002_LoginTest - ********* Test Login case started *********
13:37:39.199 [main] INFO  testCases.TC_002_LoginTest - My Account clicked
13:37:39.723 [main] INFO  testCases.TC_002_LoginTest - Login clicked
13:37:39.724 [main] INFO  testCases.TC_002_LoginTest - Entering login details...
13:37:40.485 [main] INFO  testCases.TC_002_LoginTest - Login button clicked..
13:37:40.487 [main] INFO  testCases.TC_002_LoginTest - Validating MyAccount Element ..
13:37:40.537 [main] INFO  testCases.TC_002_LoginTest - MyAccount Element is present..
13:37:40.537 [main] INFO  testCases.TC_002_LoginTest - ********* Test Login case Fininshedd *********
13:43:17.887 [main] DEBUG org.testng.TestNG - suiteXmlPath: "C:\SeleniumWS\SeleniumDay1\opencart\final.xml"
13:43:18.204 [main] INFO  org.testng.internal.Utils - [TestNG] Running:
  C:\SeleniumWS\SeleniumDay1\opencart\final.xml

13:43:24.876 [main] DEBUG testCases.TC_001_AccountRegistrationTest - Applictions log starts......
13:43:24.876 [main] INFO  testCases.TC_001_AccountRegistrationTest - ******* Starting TC_001_AccountRegistrationTest method **********
13:43:29.603 [main] INFO  testCases.TC_001_AccountRegistrationTest - Clicked MyAccount
13:43:32.266 [main] INFO  testCases.TC_001_AccountRegistrationTest - Clicked Register link
13:43:32.273 [main] INFO  testCases.TC_001_AccountRegistrationTest - ------------Entering customers details------------
13:43:37.970 [main] INFO  testCases.TC_001_AccountRegistrationTest - Clicked on Continue.......
13:43:38.048 [main] INFO  testCases.TC_001_AccountRegistrationTest - Validating Confirm message with expected 
13:43:38.055 [main] DEBUG testCases.TC_001_AccountRegistrationTest - Applictions log endss......
13:43:38.055 [main] INFO  testCases.TC_001_AccountRegistrationTest - *******Finished TC_001_AccountRegistrationTest method**********
13:43:43.780 [main] INFO  testCases.TC_002_LoginTest - ********* Test Login case started *********
13:43:45.489 [main] INFO  testCases.TC_002_LoginTest - My Account clicked
13:43:46.897 [main] INFO  testCases.TC_002_LoginTest - Login clicked
13:43:46.904 [main] INFO  testCases.TC_002_LoginTest - Entering login details...
13:43:49.184 [main] INFO  testCases.TC_002_LoginTest - Login button clicked..
13:43:49.190 [main] INFO  testCases.TC_002_LoginTest - Validating MyAccount Element ..
13:43:49.338 [main] INFO  testCases.TC_002_LoginTest - MyAccount Element is present..
13:43:49.339 [main] INFO  testCases.TC_002_LoginTest - ********* Test Login case Fininshedd *********
13:44:25.796 [main] DEBUG org.testng.TestNG - suiteXmlPath: "C:\SeleniumWS\SeleniumDay1\opencart\final.xml"
13:44:28.122 [main] INFO  org.testng.internal.Utils - [TestNG] Running:
  C:\SeleniumWS\SeleniumDay1\opencart\final.xml

13:44:46.897 [main] DEBUG testCases.TC_001_AccountRegistrationTest - Applictions log starts......
13:44:46.898 [main] INFO  testCases.TC_001_AccountRegistrationTest - ******* Starting TC_001_AccountRegistrationTest method **********
13:44:51.879 [main] INFO  testCases.TC_001_AccountRegistrationTest - Clicked MyAccount
13:44:55.137 [main] INFO  testCases.TC_001_AccountRegistrationTest - Clicked Register link
13:44:55.147 [main] INFO  testCases.TC_001_AccountRegistrationTest - ------------Entering customers details------------
13:45:02.837 [main] INFO  testCases.TC_001_AccountRegistrationTest - Clicked on Continue.......
13:45:03.032 [main] INFO  testCases.TC_001_AccountRegistrationTest - Validating Confirm message with expected 
13:45:03.044 [main] DEBUG testCases.TC_001_AccountRegistrationTest - Applictions log endss......
13:45:03.045 [main] INFO  testCases.TC_001_AccountRegistrationTest - *******Finished TC_001_AccountRegistrationTest method**********
