13:45:15.909 [main] INFO  testCases.TC_002_LoginTest - ********* Test Login case started *********
13:45:18.868 [main] INFO  testCases.TC_002_LoginTest - My Account clicked
13:45:21.506 [main] INFO  testCases.TC_002_LoginTest - Login clicked
13:45:21.517 [main] INFO  testCases.TC_002_LoginTest - Entering login details...
13:45:27.653 [main] INFO  testCases.TC_002_LoginTest - Login button clicked..
13:45:27.668 [main] INFO  testCases.TC_002_LoginTest - Validating MyAccount Element ..
13:45:28.099 [main] INFO  testCases.TC_002_LoginTest - MyAccount Element is present..
13:45:28.103 [main] INFO  testCases.TC_002_LoginTest - ********* Test Login case Fininshedd *********
18:01:08.495 [main] DEBUG org.testng.TestNG - suiteXmlPath: "C:\SeleniumWS\SeleniumDay1\opencart\final.xml"
18:01:10.355 [main] INFO  org.testng.internal.Utils - [TestNG] Running:
  C:\SeleniumWS\SeleniumDay1\opencart\final.xml

18:01:38.266 [main] DEBUG testCases.TC_001_AccountRegistrationTest - Applictions log starts......
18:01:38.267 [main] INFO  testCases.TC_001_AccountRegistrationTest - ******* Starting TC_001_AccountRegistrationTest method **********
18:01:42.597 [main] INFO  testCases.TC_001_AccountRegistrationTest - Clicked MyAccount
18:01:45.032 [main] INFO  testCases.TC_001_AccountRegistrationTest - Clicked Register link
18:01:45.037 [main] INFO  testCases.TC_001_AccountRegistrationTest - ------------Entering customers details------------
18:01:49.846 [main] INFO  testCases.TC_001_AccountRegistrationTest - Clicked on Continue.......
18:01:49.903 [main] INFO  testCases.TC_001_AccountRegistrationTest - Validating Confirm message with expected 
18:01:49.908 [main] DEBUG testCases.TC_001_AccountRegistrationTest - Applictions log endss......
18:01:49.908 [main] INFO  testCases.TC_001_AccountRegistrationTest - *******Finished TC_001_AccountRegistrationTest method**********
18:01:54.573 [main] INFO  testCases.TC_002_LoginTest - ********* Test Login case started *********
18:01:55.930 [main] INFO  testCases.TC_002_LoginTest - My Account clicked
18:01:57.520 [main] INFO  testCases.TC_002_LoginTest - Login clicked
18:01:57.525 [main] INFO  testCases.TC_002_LoginTest - Entering login details...
18:01:59.681 [main] INFO  testCases.TC_002_LoginTest - Login button clicked..
18:01:59.683 [main] INFO  testCases.TC_002_LoginTest - Validating MyAccount Element ..
18:01:59.779 [main] INFO  testCases.TC_002_LoginTest - MyAccount Element is present..
18:01:59.779 [main] INFO  testCases.TC_002_LoginTest - ********* Test Login case Fininshedd *********
18:08:03.943 [main] DEBUG org.testng.TestNG - suiteXmlPath: "C:\SeleniumWS\SeleniumDay1\opencart\final.xml"
18:08:10.805 [main] DEBUG testCases.TC_001_AccountRegistrationTest - Applictions log starts......
18:08:10.805 [main] INFO  testCases.TC_001_AccountRegistrationTest - ******* Starting TC_001_AccountRegistrationTest method **********
18:08:14.968 [main] INFO  testCases.TC_001_AccountRegistrationTest - Clicked MyAccount
18:08:15.592 [main] INFO  testCases.TC_001_AccountRegistrationTest - Clicked Register link
18:08:15.610 [main] INFO  testCases.TC_001_AccountRegistrationTest - ------------Entering customers details------------
18:08:19.811 [main] INFO  testCases.TC_001_AccountRegistrationTest - Clicked on Continue.......
18:08:19.999 [main] INFO  testCases.TC_001_AccountRegistrationTest - Validating Confirm message with expected 
18:08:20.012 [main] DEBUG testCases.TC_001_AccountRegistrationTest - Applictions log endss......
18:08:20.014 [main] INFO  testCases.TC_001_AccountRegistrationTest - *******Finished TC_001_AccountRegistrationTest method**********
18:08:25.748 [main] INFO  testCases.TC_002_LoginTest - ********* Test Login case started *********
18:08:27.274 [main] INFO  testCases.TC_002_LoginTest - My Account clicked
18:08:28.229 [main] INFO  testCases.TC_002_LoginTest - Login clicked
18:08:28.255 [main] INFO  testCases.TC_002_LoginTest - Entering login details...
18:08:29.693 [main] INFO  testCases.TC_002_LoginTest - Login button clicked..
18:08:29.716 [main] INFO  testCases.TC_002_LoginTest - Validating MyAccount Element ..
18:08:29.823 [main] INFO  testCases.TC_002_LoginTest - MyAccount Element is present..
18:08:29.824 [main] INFO  testCases.TC_002_LoginTest - ********* Test Login case Fininshedd *********
17:42:31.297 [main] DEBUG org.testng.TestNG - suiteXmlPath: "C:\SeleniumWS\SeleniumDay1\opencart\final.xml"
17:42:55.019 [main] DEBUG testCases.TC_001_AccountRegistrationTest - Applictions log starts......
17:42:55.020 [main] INFO  testCases.TC_001_AccountRegistrationTest - ******* Starting TC_001_AccountRegistrationTest method **********
17:42:59.222 [main] INFO  testCases.TC_001_AccountRegistrationTest - Clicked MyAccount
17:43:00.463 [main] INFO  testCases.TC_001_AccountRegistrationTest - Clicked Register link
17:43:00.491 [main] INFO  testCases.TC_001_AccountRegistrationTest - ------------Entering customers details------------
17:43:06.234 [main] INFO  testCases.TC_001_AccountRegistrationTest - Clicked on Continue.......
17:43:06.387 [main] INFO  testCases.TC_001_AccountRegistrationTest - Validating Confirm message with expected 
17:43:06.399 [main] DEBUG testCases.TC_001_AccountRegistrationTest - Applictions log endss......
17:43:06.399 [main] INFO  testCases.TC_001_AccountRegistrationTest - *******Finished TC_001_AccountRegistrationTest method**********
17:43:13.615 [main] INFO  testCases.TC_002_LoginTest - ********* Test Login case started *********
17:43:15.946 [main] INFO  testCases.TC_002_LoginTest - My Account clicked
17:43:18.234 [main] INFO  testCases.TC_002_LoginTest - Login clicked
17:43:18.271 [main] INFO  testCases.TC_002_LoginTest - Entering login details...
17:43:20.125 [main] INFO  testCases.TC_002_LoginTest - Login button clicked..
17:43:20.152 [main] INFO  testCases.TC_002_LoginTest - Validating MyAccount Element ..
17:43:20.254 [main] INFO  testCases.TC_002_LoginTest - MyAccount Element is present..
17:43:20.254 [main] INFO  testCases.TC_002_LoginTest - ********* Test Login case Fininshedd *********
17:51:35.685 [main] DEBUG org.testng.TestNG - suiteXmlPath: "C:\SeleniumWS\SeleniumDay1\opencart\final.xml"
17:51:39.935 [main] DEBUG testCases.TC_001_AccountRegistrationTest - Applictions log starts......
17:51:39.935 [main] INFO  testCases.TC_001_AccountRegistrationTest - ******* Starting TC_001_AccountRegistrationTest method **********
17:51:44.081 [main] INFO  testCases.TC_001_AccountRegistrationTest - Clicked MyAccount
17:51:44.681 [main] INFO  testCases.TC_001_AccountRegistrationTest - Clicked Register link
17:51:44.683 [main] INFO  testCases.TC_001_AccountRegistrationTest - ------------Entering customers details------------
17:51:48.022 [main] INFO  testCases.TC_001_AccountRegistrationTest - Clicked on Continue.......
17:51:48.071 [main] INFO  testCases.TC_001_AccountRegistrationTest - Validating Confirm message with expected 
17:51:48.075 [main] DEBUG testCases.TC_001_AccountRegistrationTest - Applictions log endss......
17:51:48.076 [main] INFO  testCases.TC_001_AccountRegistrationTest - *******Finished TC_001_AccountRegistrationTest method**********
17:51:51.602 [main] INFO  testCases.TC_002_LoginTest - ********* Test Login case started *********
17:51:51.918 [main] INFO  testCases.TC_002_LoginTest - My Account clicked
17:51:52.438 [main] INFO  testCases.TC_002_LoginTest - Login clicked
17:51:52.440 [main] INFO  testCases.TC_002_LoginTest - Entering login details...
17:51:53.268 [main] INFO  testCases.TC_002_LoginTest - Login button clicked..
17:51:53.270 [main] INFO  testCases.TC_002_LoginTest - Validating MyAccount Element ..
17:51:53.321 [main] INFO  testCases.TC_002_LoginTest - MyAccount Element is present..
17:51:53.321 [main] INFO  testCases.TC_002_LoginTest - ********* Test Login case Fininshedd *********
17:56:19.535 [main] DEBUG org.testng.TestNG - suiteXmlPath: "C:\SeleniumWS\SeleniumDay1\opencart\final.xml"
17:56:24.233 [main] DEBUG testCases.TC_001_AccountRegistrationTest - Applictions log starts......
17:56:24.234 [main] INFO  testCases.TC_001_AccountRegistrationTest - ******* Starting TC_001_AccountRegistrationTest method **********
17:56:28.352 [main] INFO  testCases.TC_001_AccountRegistrationTest - Clicked MyAccount
17:56:28.984 [main] INFO  testCases.TC_001_AccountRegistrationTest - Clicked Register link
17:56:28.987 [main] INFO  testCases.TC_001_AccountRegistrationTest - ------------Entering customers details------------
17:56:32.286 [main] INFO  testCases.TC_001_AccountRegistrationTest - Clicked on Continue.......
17:56:32.330 [main] INFO  testCases.TC_001_AccountRegistrationTest - Validating Confirm message with expected 
17:56:32.335 [main] DEBUG testCases.TC_001_AccountRegistrationTest - Applictions log endss......
17:56:32.335 [main] INFO  testCases.TC_001_AccountRegistrationTest - *******Finished TC_001_AccountRegistrationTest method**********
17:56:36.700 [main] INFO  testCases.TC_002_LoginTest - ********* Test Login case started *********
